This is pdfeTeXk, Version 3.141592-1.20a-2.2 (Web2c 7.5.3) (format=latex 2020.3.5)  26 DEC 2021 12:09
 Source specials enabled.
 %&-line parsing enabled.
**&latex DL-phase-retrival.tex
(./DL-phase-retrival.tex
LaTeX2e <2005/12/01>
(./siamltexmm.cls
Document Class: siamltexmm 1996/10/11 v1.2 LaTeX document class
(./siam11.clo
File: siam11.clo 1994/10/01 v1.0 SIAM LaTeX file (size option)
) (c:/PCTeX/PCTeXv6/texmf-dist/tex/latex/graphics/color.sty
Package: color 2005/11/14 v1.0j Standard LaTeX Color (DPC)

(c:/PCTeX/PCTeXv6/texmf-pti/tex/latex/color.cfg)
Package color Info: Driver file: dvips.def on input line 130.

(c:/PCTeX/PCTeXv6/texmf-pti/tex/latex/graphics/dvips.def
File: dvips.def 1999/02/16 v3.0i Driver-dependant file (DPC,SPQR)
)
(c:/PCTeX/PCTeXv6/texmf-dist/tex/latex/graphics/dvipsnam.def
File: dvipsnam.def 1999/02/16 v3.0i Driver-dependant file (DPC,SPQR)
))
\c@section=\count79
\c@subsection=\count80
\c@subsubsection=\count81
\c@paragraph=\count82
\c@subparagraph=\count83
\c@rmnum=\count84
\c@muni=\count85
\c@theorem=\count86
\c@figure=\count87
\c@table=\count88
\abovecaptionskip=\skip41
\belowcaptionskip=\skip42
\bibindent=\dimen102

(c:/PCTeX/PCTeXv6/texmf-dist/tex/latex/graphics/graphics.sty
Package: graphics 2006/02/20 v1.0o Standard LaTeX Graphics (DPC,SPQR)

(c:/PCTeX/PCTeXv6/texmf-dist/tex/latex/graphics/trig.sty
Package: trig 1999/03/16 v1.09 sin cos tan (DPC)
)
(c:/PCTeX/PCTeXv6/texmf-pti/tex/latex/graphics.cfg)
Package graphics Info: Driver file: dvips.def on input line 90.
)
(c:/PCTeX/PCTeXv6/texmf-dist/tex/latex/graphics/graphicx.sty
Package: graphicx 1999/02/16 v1.0f Enhanced LaTeX Graphics (DPC,SPQR)

(c:/PCTeX/PCTeXv6/texmf-dist/tex/latex/graphics/keyval.sty
Package: keyval 1999/03/16 v1.13 key=value parser (DPC)
\KV@toks@=\toks14
)
\Gin@req@height=\dimen103
\Gin@req@width=\dimen104
)
(c:/PCTeX/PCTeXv6/texmf-dist/tex/latex/hyperref/hyperref.sty
Package: hyperref 2007/02/07 v6.75r Hypertext links for LaTeX
\@linkdim=\dimen105
\Hy@linkcounter=\count89
\Hy@pagecounter=\count90

(c:/PCTeX/PCTeXv6/texmf-dist/tex/latex/hyperref/pd1enc.def
File: pd1enc.def 2007/02/07 v6.75r Hyperref: PDFDocEncoding definition (HO)
)
(c:/PCTeX/PCTeXv6/texmf-dist/tex/latex/oberdiek/kvoptions.sty
Package: kvoptions 2006/08/22 v2.4 Connects package keyval with LaTeX options (
HO)
)
Package hyperref Info: Option `colorlinks' set `true' on input line 2238.
Package hyperref Info: Hyper figures OFF on input line 2288.
Package hyperref Info: Link nesting OFF on input line 2293.
Package hyperref Info: Hyper index ON on input line 2296.
Package hyperref Info: Plain pages OFF on input line 2303.
Package hyperref Info: Backreferencing OFF on input line 2308.

Implicit mode ON; LaTeX internals redefined
Package hyperref Info: Bookmarks ON on input line 2444.
(c:/PCTeX/PCTeXv6/texmf-dist/tex/latex/ltxmisc/url.sty
\Urlmuskip=\muskip10
Package: url 2005/06/27  ver 3.2  Verb mode for urls, etc.
)
LaTeX Info: Redefining \url on input line 2599.
\Fld@menulength=\count91
\Field@Width=\dimen106
\Fld@charsize=\dimen107
\Choice@toks=\toks15
\Field@toks=\toks16
Package hyperref Info: Hyper figures OFF on input line 3102.
Package hyperref Info: Link nesting OFF on input line 3107.
Package hyperref Info: Hyper index ON on input line 3110.
Package hyperref Info: backreferencing OFF on input line 3117.
Package hyperref Info: Link coloring ON on input line 3120.
\Hy@abspage=\count92
\c@Item=\count93
\c@Hfootnote=\count94
)
*hyperref using driver hdvips*
(c:/PCTeX/PCTeXv6/texmf-dist/tex/latex/hyperref/hdvips.def
File: hdvips.def 2007/02/07 v6.75r Hyperref driver for dvips

(c:/PCTeX/PCTeXv6/texmf-dist/tex/latex/hyperref/pdfmark.def
File: pdfmark.def 2007/02/07 v6.75r Hyperref definitions for pdfmark specials
\pdf@docset=\toks17
\pdf@box=\box26
\pdf@toks=\toks18
\pdf@defaulttoks=\toks19
\Fld@listcount=\count95
)))
(c:/PCTeX/PCTeXv6/texmf-dist/tex/latex/amsfonts/amsfonts.sty
Package: amsfonts 2001/10/25 v2.2f
\@emptytoks=\toks20
\symAMSa=\mathgroup4
\symAMSb=\mathgroup5
LaTeX Font Info:    Overwriting math alphabet `\mathfrak' in version `bold'
(Font)                  U/euf/m/n --> U/euf/b/n on input line 132.
)
(c:/PCTeX/PCTeXv6/texmf-dist/tex/latex/doublestroke/dsfont.sty
Package: dsfont 1995/08/01 v0.1 Double stroke roman fonts
)
(c:/PCTeX/PCTeXv6/texmf-dist/tex/latex/amsfonts/amssymb.sty
Package: amssymb 2002/01/22 v2.2d
)
(./DL-phase-retrival.aux)
\openout1 = `DL-phase-retrival.aux'.

LaTeX Font Info:    Checking defaults for OML/cmm/m/it on input line 20.
LaTeX Font Info:    ... okay on input line 20.
LaTeX Font Info:    Checking defaults for T1/cmr/m/n on input line 20.
LaTeX Font Info:    ... okay on input line 20.
LaTeX Font Info:    Checking defaults for OT1/cmr/m/n on input line 20.
LaTeX Font Info:    ... okay on input line 20.
LaTeX Font Info:    Checking defaults for OMS/cmsy/m/n on input line 20.
LaTeX Font Info:    ... okay on input line 20.
LaTeX Font Info:    Checking defaults for OMX/cmex/m/n on input line 20.
LaTeX Font Info:    ... okay on input line 20.
LaTeX Font Info:    Checking defaults for U/cmr/m/n on input line 20.
LaTeX Font Info:    ... okay on input line 20.
LaTeX Font Info:    Checking defaults for PD1/pdf/m/n on input line 20.
LaTeX Font Info:    ... okay on input line 20.
Package hyperref Info: Link coloring ON on input line 20.

(c:/PCTeX/PCTeXv6/texmf-dist/tex/latex/hyperref/nameref.sty
Package: nameref 2006/12/27 v2.28 Cross-referencing by name of section

(c:/PCTeX/PCTeXv6/texmf-dist/tex/latex/oberdiek/refcount.sty
Package: refcount 2006/02/20 v3.0 Data extraction from references (HO)
)
\c@section@level=\count96
)
LaTeX Info: Redefining \ref on input line 20.
LaTeX Info: Redefining \pageref on input line 20.

(./DL-phase-retrival.out) (./DL-phase-retrival.out)
\@outlinefile=\write3
\openout3 = `DL-phase-retrival.out'.

LaTeX Font Info:    Try loading font information for U+msa on input line 22.

(c:/PCTeX/PCTeXv6/texmf-dist/tex/latex/amsfonts/umsa.fd
File: umsa.fd 2002/01/19 v2.2g AMS font definitions
)
LaTeX Font Info:    Try loading font information for U+msb on input line 22.

(c:/PCTeX/PCTeXv6/texmf-dist/tex/latex/amsfonts/umsb.fd
File: umsb.fd 2002/01/19 v2.2g AMS font definitions
)
LaTeX Font Info:    Try loading font information for U+dsrom on input line 50.

(c:/PCTeX/PCTeXv6/texmf-dist/tex/latex/doublestroke/udsrom.fd
File: Udsrom.fd 1995/08/01 v0.1 Double stroke roman font definitions
)
LaTeX Font Info:    Try loading font information for OMS+cmss on input line 74.

LaTeX Font Info:    No file OMScmss.fd. on input line 74.


LaTeX Font Warning: Font shape `OMS/cmss/m/n' undefined
(Font)              using `OMS/cmsy/m/n' instead on input line 74.


Overfull \hbox (19.46672pt too wide) has occurred while \output is active
[][][][][][][] \OT1/cmr/m/n/10.95 x--x|
 []


Overfull \vbox (1.44678pt too high) has occurred while \output is active []


[1

]
Overfull \vbox (3.04993pt too high) has occurred while \output is active []


[2]
Overfull \vbox (3.04993pt too high) has occurred while \output is active []


[3]
File: architecture2.eps Graphic file (type eps)
 <architecture2.eps>
Overfull \vbox (3.04993pt too high) has occurred while \output is active []


[4]
Overfull \vbox (3.04993pt too high) has occurred while \output is active []


[5]
Missing character: There is no – in font cmr9!
Missing character: There is no š in font cmr9!
Missing character: There is no – in font cmr9!
Missing character: There is no ß in font cmr9!
Missing character: There is no ’ in font cmr9!
Missing character: There is no ” in font cmr9!
Missing character: There is no – in font cmr9!

Overfull \vbox (3.04993pt too high) has occurred while \output is active []


[6] (./DL-phase-retrival.aux)

LaTeX Font Warning: Some font shapes were not available, defaults substituted.

 ) 
Here is how much of TeX's memory you used:
 3166 strings out of 95375
 43024 string characters out of 1188475
 1093473 words of memory out of 2500000
 6111 multiletter control sequences out of 10000+50000
 14922 words of font info for 59 fonts, out of 1000000 for 2000
 14 hyphenation exceptions out of 8191
 32i,12n,31p,353b,509s stack positions out of 5000i,500n,1000p,200000b,5000s
 0 PDF objects out of 300000
 0 named destinations out of 131072
 1 words of extra memory for PDF output out of 65536

Output written on DL-phase-retrival.dvi (6 pages, 43820 bytes).
